This is pdfTeX, Version 3.141592653-2.6-1.40.22 (MiKTeX 21.3) (preloaded format=pdflatex 2021.4.28)  22 JUN 2021 13:29
entering extended mode
**./conference_101719.tex
(conference_101719.tex
LaTeX2e <2020-10-01> patch level 4
L3 programming layer <2021-02-18> (IEEEtran.cls
Document Class: IEEEtran 2015/08/26 V1.8b by Michael Shell
-- See the "IEEEtran_HOWTO" manual for usage information.
-- http://www.michaelshell.org/tex/ieeetran/
\@IEEEtrantmpdimenA=\dimen138
\@IEEEtrantmpdimenB=\dimen139
\@IEEEtrantmpdimenC=\dimen140
\@IEEEtrantmpcountA=\count179
\@IEEEtrantmpcountB=\count180
\@IEEEtrantmpcountC=\count181
\@IEEEtrantmptoksA=\toks15
LaTeX Font Info:    Trying to load font information for OT1+ptm on input line 5
03.
(C:\Users\bened\AppData\Local\Programs\MiKTeX\tex/latex/psnfss\ot1ptm.fd
File: ot1ptm.fd 2001/06/04 font definitions for OT1/ptm.
)
-- Using 8.5in x 11in (letter) paper.
-- Using PDF output.
\@IEEEnormalsizeunitybaselineskip=\dimen141
-- This is a 10 point document.
\CLASSINFOnormalsizebaselineskip=\dimen142
\CLASSINFOnormalsizeunitybaselineskip=\dimen143
\IEEEnormaljot=\dimen144
LaTeX Font Info:    Font shape `OT1/ptm/bx/n' in size <5> not available
(Font)              Font shape `OT1/ptm/b/n' tried instead on input line 1090.
LaTeX Font Info:    Font shape `OT1/ptm/bx/it' in size <5> not available
(Font)              Font shape `OT1/ptm/b/it' tried instead on input line 1090.

LaTeX Font Info:    Font shape `OT1/ptm/bx/n' in size <7> not available
(Font)              Font shape `OT1/ptm/b/n' tried instead on input line 1090.
LaTeX Font Info:    Font shape `OT1/ptm/bx/it' in size <7> not available
(Font)              Font shape `OT1/ptm/b/it' tried instead on input line 1090.

LaTeX Font Info:    Font shape `OT1/ptm/bx/n' in size <8> not available
(Font)              Font shape `OT1/ptm/b/n' tried instead on input line 1090.
LaTeX Font Info:    Font shape `OT1/ptm/bx/it' in size <8> not available
(Font)              Font shape `OT1/ptm/b/it' tried instead on input line 1090.

LaTeX Font Info:    Font shape `OT1/ptm/bx/n' in size <9> not available
(Font)              Font shape `OT1/ptm/b/n' tried instead on input line 1090.
LaTeX Font Info:    Font shape `OT1/ptm/bx/it' in size <9> not available
(Font)              Font shape `OT1/ptm/b/it' tried instead on input line 1090.

LaTeX Font Info:    Font shape `OT1/ptm/bx/n' in size <10> not available
(Font)              Font shape `OT1/ptm/b/n' tried instead on input line 1090.
LaTeX Font Info:    Font shape `OT1/ptm/bx/it' in size <10> not available
(Font)              Font shape `OT1/ptm/b/it' tried instead on input line 1090.

LaTeX Font Info:    Font shape `OT1/ptm/bx/n' in size <11> not available
(Font)              Font shape `OT1/ptm/b/n' tried instead on input line 1090.
LaTeX Font Info:    Font shape `OT1/ptm/bx/it' in size <11> not available
(Font)              Font shape `OT1/ptm/b/it' tried instead on input line 1090.

LaTeX Font Info:    Font shape `OT1/ptm/bx/n' in size <12> not available
(Font)              Font shape `OT1/ptm/b/n' tried instead on input line 1090.
LaTeX Font Info:    Font shape `OT1/ptm/bx/it' in size <12> not available
(Font)              Font shape `OT1/ptm/b/it' tried instead on input line 1090.

LaTeX Font Info:    Font shape `OT1/ptm/bx/n' in size <17> not available
(Font)              Font shape `OT1/ptm/b/n' tried instead on input line 1090.
LaTeX Font Info:    Font shape `OT1/ptm/bx/it' in size <17> not available
(Font)              Font shape `OT1/ptm/b/it' tried instead on input line 1090.

LaTeX Font Info:    Font shape `OT1/ptm/bx/n' in size <20> not available
(Font)              Font shape `OT1/ptm/b/n' tried instead on input line 1090.
LaTeX Font Info:    Font shape `OT1/ptm/bx/it' in size <20> not available
(Font)              Font shape `OT1/ptm/b/it' tried instead on input line 1090.

LaTeX Font Info:    Font shape `OT1/ptm/bx/n' in size <24> not available
(Font)              Font shape `OT1/ptm/b/n' tried instead on input line 1090.
LaTeX Font Info:    Font shape `OT1/ptm/bx/it' in size <24> not available
(Font)              Font shape `OT1/ptm/b/it' tried instead on input line 1090.

\IEEEquantizedlength=\dimen145
\IEEEquantizedlengthdiff=\dimen146
\IEEEquantizedtextheightdiff=\dimen147
\IEEEilabelindentA=\dimen148
\IEEEilabelindentB=\dimen149
\IEEEilabelindent=\dimen150
\IEEEelabelindent=\dimen151
\IEEEdlabelindent=\dimen152
\IEEElabelindent=\dimen153
\IEEEiednormlabelsep=\dimen154
\IEEEiedmathlabelsep=\dimen155
\IEEEiedtopsep=\skip47
\c@section=\count182
\c@subsection=\count183
\c@subsubsection=\count184
\c@paragraph=\count185
\c@IEEEsubequation=\count186
\abovecaptionskip=\skip48
\belowcaptionskip=\skip49
\c@figure=\count187
\c@table=\count188
\@IEEEeqnnumcols=\count189
\@IEEEeqncolcnt=\count190
\@IEEEsubeqnnumrollback=\count191
\@IEEEquantizeheightA=\dimen156
\@IEEEquantizeheightB=\dimen157
\@IEEEquantizeheightC=\dimen158
\@IEEEquantizeprevdepth=\dimen159
\@IEEEquantizemultiple=\count192
\@IEEEquantizeboxA=\box47
\@IEEEtmpitemindent=\dimen160
\IEEEPARstartletwidth=\dimen161
\c@IEEEbiography=\count193
\@IEEEtranrubishbin=\box48
)
** ATTENTION: Overriding command lockouts (line 2).
(C:\Users\bened\AppData\Local\Programs\MiKTeX\tex/latex/cite\cite.sty
LaTeX Info: Redefining \cite on input line 302.
LaTeX Info: Redefining \nocite on input line 332.
Package: cite 2015/02/27  v 5.5
)
(C:\Users\bened\AppData\Local\Programs\MiKTeX\tex/latex/amsmath\amsmath.sty
Package: amsmath 2020/09/23 v2.17i AMS math features
\@mathmargin=\skip50

For additional information on amsmath, use the `?' option.
(C:\Users\bened\AppData\Local\Programs\MiKTeX\tex/latex/amsmath\amstext.sty
Package: amstext 2000/06/29 v2.01 AMS text

(C:\Users\bened\AppData\Local\Programs\MiKTeX\tex/latex/amsmath\amsgen.sty
File: amsgen.sty 1999/11/30 v2.0 generic functions
\@emptytoks=\toks16
\ex@=\dimen162
))
(C:\Users\bened\AppData\Local\Programs\MiKTeX\tex/latex/amsmath\amsbsy.sty
Package: amsbsy 1999/11/29 v1.2d Bold Symbols
\pmbraise@=\dimen163
)
(C:\Users\bened\AppData\Local\Programs\MiKTeX\tex/latex/amsmath\amsopn.sty
Package: amsopn 2016/03/08 v2.02 operator names
)
\inf@bad=\count194
LaTeX Info: Redefining \frac on input line 234.
\uproot@=\count195
\leftroot@=\count196
LaTeX Info: Redefining \overline on input line 399.
\classnum@=\count197
\DOTSCASE@=\count198
LaTeX Info: Redefining \ldots on input line 496.
LaTeX Info: Redefining \dots on input line 499.
LaTeX Info: Redefining \cdots on input line 620.
\Mathstrutbox@=\box49
\strutbox@=\box50
\big@size=\dimen164
LaTeX Font Info:    Redeclaring font encoding OML on input line 743.
LaTeX Font Info:    Redeclaring font encoding OMS on input line 744.
\macc@depth=\count199
\c@MaxMatrixCols=\count266
\dotsspace@=\muskip16
\c@parentequation=\count267
\dspbrk@lvl=\count268
\tag@help=\toks17
\row@=\count269
\column@=\count270
\maxfields@=\count271
\andhelp@=\toks18
\eqnshift@=\dimen165
\alignsep@=\dimen166
\tagshift@=\dimen167
\tagwidth@=\dimen168
\totwidth@=\dimen169
\lineht@=\dimen170
\@envbody=\toks19
\multlinegap=\skip51
\multlinetaggap=\skip52
\mathdisplay@stack=\toks20
LaTeX Info: Redefining \[ on input line 2923.
LaTeX Info: Redefining \] on input line 2924.
)
(C:\Users\bened\AppData\Local\Programs\MiKTeX\tex/latex/amsfonts\amssymb.sty
Package: amssymb 2013/01/14 v3.01 AMS font symbols

(C:\Users\bened\AppData\Local\Programs\MiKTeX\tex/latex/amsfonts\amsfonts.sty
Package: amsfonts 2013/01/14 v3.01 Basic AMSFonts support
\symAMSa=\mathgroup4
\symAMSb=\mathgroup5
LaTeX Font Info:    Redeclaring math symbol \hbar on input line 98.
LaTeX Font Info:    Overwriting math alphabet `\mathfrak' in version `bold'
(Font)                  U/euf/m/n --> U/euf/b/n on input line 106.
))
(C:\Users\bened\AppData\Local\Programs\MiKTeX\tex/latex/algorithms\algorithmic.
sty
Package: algorithmic 2009/08/24 v0.1 Document Style `algorithmic'
 (C:\Users\bened\AppData\Local\Programs\MiKTeX\tex/latex/base\ifthen.sty
Package: ifthen 2014/09/29 v1.1c Standard LaTeX ifthen package (DPC)
)
(C:\Users\bened\AppData\Local\Programs\MiKTeX\tex/latex/graphics\keyval.sty
Package: keyval 2014/10/28 v1.15 key=value parser (DPC)
\KV@toks@=\toks21
)
\c@ALC@unique=\count272
\c@ALC@line=\count273
\c@ALC@rem=\count274
\c@ALC@depth=\count275
\ALC@tlm=\skip53
\algorithmicindent=\skip54
)
(C:\Users\bened\AppData\Local\Programs\MiKTeX\tex/latex/graphics\graphicx.sty
Package: graphicx 2020/09/09 v1.2b Enhanced LaTeX Graphics (DPC,SPQR)

(C:\Users\bened\AppData\Local\Programs\MiKTeX\tex/latex/graphics\graphics.sty
Package: graphics 2020/08/30 v1.4c Standard LaTeX Graphics (DPC,SPQR)

(C:\Users\bened\AppData\Local\Programs\MiKTeX\tex/latex/graphics\trig.sty
Package: trig 2016/01/03 v1.10 sin cos tan (DPC)
)
(C:\Users\bened\AppData\Local\Programs\MiKTeX\tex/latex/graphics-cfg\graphics.c
fg
File: graphics.cfg 2016/06/04 v1.11 sample graphics configuration
)
Package graphics Info: Driver file: pdftex.def on input line 105.

(C:\Users\bened\AppData\Local\Programs\MiKTeX\tex/latex/graphics-def\pdftex.def
File: pdftex.def 2020/10/05 v1.2a Graphics/color driver for pdftex
))
\Gin@req@height=\dimen171
\Gin@req@width=\dimen172
) (C:\Users\bened\AppData\Local\Programs\MiKTeX\tex/latex/base\textcomp.sty
Package: textcomp 2020/02/02 v2.0n Standard LaTeX package
)
(C:\Users\bened\AppData\Local\Programs\MiKTeX\tex/latex/xcolor\xcolor.sty
Package: xcolor 2016/05/11 v2.12 LaTeX color extensions (UK)

(C:\Users\bened\AppData\Local\Programs\MiKTeX\tex/latex/graphics-cfg\color.cfg
File: color.cfg 2016/01/02 v1.6 sample color configuration
)
Package xcolor Info: Driver file: pdftex.def on input line 225.
Package xcolor Info: Model `cmy' substituted by `cmy0' on input line 1348.
Package xcolor Info: Model `hsb' substituted by `rgb' on input line 1352.
Package xcolor Info: Model `RGB' extended on input line 1364.
Package xcolor Info: Model `HTML' substituted by `rgb' on input line 1366.
Package xcolor Info: Model `Hsb' substituted by `hsb' on input line 1367.
Package xcolor Info: Model `tHsb' substituted by `hsb' on input line 1368.
Package xcolor Info: Model `HSB' substituted by `hsb' on input line 1369.
Package xcolor Info: Model `Gray' substituted by `gray' on input line 1370.
Package xcolor Info: Model `wave' substituted by `hsb' on input line 1371.
)
(C:\Users\bened\AppData\Local\Programs\MiKTeX\tex/latex/l3backend\l3backend-pdf
tex.def
File: l3backend-pdftex.def 2021-03-18 L3 backend support: PDF output (pdfTeX)
\l__color_backend_stack_int=\count276
\l__pdf_internal_box=\box51
) (conference_101719.aux)
\openout1 = `conference_101719.aux'.

LaTeX Font Info:    Checking defaults for OML/cmm/m/it on input line 12.
LaTeX Font Info:    ... okay on input line 12.
LaTeX Font Info:    Checking defaults for OMS/cmsy/m/n on input line 12.
LaTeX Font Info:    ... okay on input line 12.
LaTeX Font Info:    Checking defaults for OT1/cmr/m/n on input line 12.
LaTeX Font Info:    ... okay on input line 12.
LaTeX Font Info:    Checking defaults for T1/cmr/m/n on input line 12.
LaTeX Font Info:    ... okay on input line 12.
LaTeX Font Info:    Checking defaults for TS1/cmr/m/n on input line 12.
LaTeX Font Info:    ... okay on input line 12.
LaTeX Font Info:    Checking defaults for OMX/cmex/m/n on input line 12.
LaTeX Font Info:    ... okay on input line 12.
LaTeX Font Info:    Checking defaults for U/cmr/m/n on input line 12.
LaTeX Font Info:    ... okay on input line 12.

-- Lines per column: 56 (exact).

(C:\Users\bened\AppData\Local\Programs\MiKTeX\tex/context/base/mkii\supp-pdf.mk
ii
[Loading MPS to PDF converter (version 2006.09.02).]
\scratchcounter=\count277
\scratchdimen=\dimen173
\scratchbox=\box52
\nofMPsegments=\count278
\nofMParguments=\count279
\everyMPshowfont=\toks22
\MPscratchCnt=\count280
\MPscratchDim=\dimen174
\MPnumerator=\count281
\makeMPintoPDFobject=\count282
\everyMPtoPDFconversion=\toks23
)
(C:\Users\bened\AppData\Local\Programs\MiKTeX\tex/latex/epstopdf-pkg\epstopdf-b
ase.sty
Package: epstopdf-base 2020-01-24 v2.11 Base part for package epstopdf
Package epstopdf-base Info: Redefining graphics rule for `.eps' on input line 4
85.

(C:\Users\bened\AppData\Local\Programs\MiKTeX\tex/latex/00miktex\epstopdf-sys.c
fg
File: epstopdf-sys.cfg 2021/03/18 v2.0 Configuration of epstopdf for MiKTeX
)) [0


{C:/Users/bened/AppData/Local/MiKTeX/pdftex/config/pdftex.map}]
Underfull \hbox (badness 1377) in paragraph at lines 34--35
\OT1/ptm/m/n/10 wird die Be-tra-ch-tung zeitlicher und fi-nanzieller As-pekte
 []


Underfull \hbox (badness 2261) in paragraph at lines 37--39
[]\OT1/ptm/m/n/10 Realisierbar wer-den elek-trische Ver-schal-tun-gen in der
 []

LaTeX Font Info:    Trying to load font information for U+msa on input line 41.

(C:\Users\bened\AppData\Local\Programs\MiKTeX\tex/latex/amsfonts\umsa.fd
File: umsa.fd 2013/01/14 v3.01 AMS symbols A
)
LaTeX Font Info:    Trying to load font information for U+msb on input line 41.


(C:\Users\bened\AppData\Local\Programs\MiKTeX\tex/latex/amsfonts\umsb.fd
File: umsb.fd 2013/01/14 v3.01 AMS symbols B
)
Underfull \hbox (badness 1609) in paragraph at lines 59--60
\OT1/ptm/m/n/10 Verf[]ugbarkeit an Kan[]alen sein, aber auch die be-wusste
 []


LaTeX Warning: Citation `?' on page 1 undefined on input line 67.


Underfull \hbox (badness 3260) in paragraph at lines 63--68
\OT1/ptm/m/n/10 Optimierung ver-wen-det wer-den. Die Pareto-Optimierung
 []


Underfull \hbox (badness 1442) in paragraph at lines 63--68
\OT1/ptm/m/n/10 Einzel-funk-tion. Die Idee dahin-ter ist, dass die Gewich-
 []

[1

]
Underfull \hbox (badness 10000) in paragraph at lines 79--82
\OT1/ptm/m/n/10 Damit w[]urde, wenn vom Re-sour-centyp Mulit-plizier:
 []


Underfull \hbox (badness 3417) in paragraph at lines 79--82
\OML/cmm/m/it/10 r[]$\OT1/ptm/m/n/10 ,Beispielweise 1 Ein-heiten zur verf[]ugun
g ste-hen die
 []

<fig_bsp_binding.png, id=16, 362.5545pt x 287.8755pt>
File: fig_bsp_binding.png Graphic file (type png)
<use fig_bsp_binding.png>
Package pdftex.def Info: fig_bsp_binding.png  used on input line 86.
(pdftex.def)             Requested size: 199.4056pt x 158.332pt.

Underfull \hbox (badness 1490) in paragraph at lines 83--90
[]\OT1/ptm/m/n/10 Im un-ter-schied zur Al-lok-ierung wird in der Bindung
 []


Underfull \hbox (badness 2134) in paragraph at lines 83--90
\OT1/ptm/m/n/10 schlielich fest-gelegt welche Re-source welche op-er-a-tion
 []


LaTeX Warning: `h' float specifier changed to `ht'.


Underfull \vbox (badness 10000) has occurred while \output is active []

 [2 <./fig_bsp_binding.png>]
Underfull \hbox (badness 2837) in paragraph at lines 142--148
\OT1/ptm/m/n/10 beziehungsweise Al-lok-ierung erzeu-gen zu k[]onnen muss
 []


Underfull \hbox (badness 3209) in paragraph at lines 142--148
\OT1/ptm/m/n/10 Kom-pat-i-b-lit[]atsgraph oder Vertr[]aglichkeitsgraph en-twick
-elt
 []


Underfull \hbox (badness 2698) in paragraph at lines 142--148
\OT1/ptm/m/n/10 zu einan-der sind und somit keine prob-leme darstellen
 []


Underfull \hbox (badness 10000) in paragraph at lines 142--148
\OT1/ptm/m/n/10 Ein Ressourcen Vertr[]aglichkeitsgraf ist definiert
 []


Underfull \hbox (badness 10000) in paragraph at lines 142--148
\OT1/ptm/m/n/10 durch $\OML/cmm/m/it/10 G[]\OT1/cmr/m/n/10 (\OML/cmm/m/it/10 V;
 E\OT1/cmr/m/n/10 )$ \OT1/ptm/m/n/10 in de-nen die Knoten durch
 []


Underfull \hbox (badness 3735) in paragraph at lines 142--148
\OT1/ptm/m/n/10 fol-gende vertr[]aglichkeiten f[]ur den kom-pat-i-b-lit[]atsgra
phen
 []


Underfull \hbox (badness 10000) in paragraph at lines 142--148

 []


LaTeX Warning: Citation `?' on page 3 undefined on input line 150.


Underfull \hbox (badness 1997) in paragraph at lines 149--151
[]\OT1/ptm/m/n/10 demnach ist eine \OT1/ptm/b/n/10 Schwache vertr[]aglichkeit \
OT1/ptm/m/n/10 gegeben,
 []


Underfull \hbox (badness 10000) in paragraph at lines 149--151

 []


LaTeX Warning: Citation `?' on page 3 undefined on input line 152.


Underfull \hbox (badness 10000) in paragraph at lines 152--153

 []


LaTeX Warning: Citation `?' on page 3 undefined on input line 154.

<fig_comp_mult.png, id=22, 208.3785pt x 184.89075pt>
File: fig_comp_mult.png Graphic file (type png)
<use fig_comp_mult.png>
Package pdftex.def Info: fig_comp_mult.png  used on input line 158.
(pdftex.def)             Requested size: 114.60852pt x 101.6902pt.
<fig_comp_alu.png, id=23, 543.2295pt x 458.9145pt>
File: fig_comp_alu.png Graphic file (type png)
<use fig_comp_alu.png>
Package pdftex.def Info: fig_comp_alu.png  used on input line 164.
(pdftex.def)             Requested size: 244.451pt x 206.50961pt.
<fig_cliquen.png, id=24, 3521.155pt x 2489.3pt>
File: fig_cliquen.png Graphic file (type png)
<use fig_cliquen.png>
Package pdftex.def Info: fig_cliquen.png  used on input line 170.
(pdftex.def)             Requested size: 281.69815pt x 199.14807pt.

Overfull \hbox (29.69815pt too wide) in paragraph at lines 170--171
 [] 
 []

[3 <./fig_comp_mult.png>]

LaTeX Warning: `h' float specifier changed to `ht'.


Underfull \hbox (badness 2717) in paragraph at lines 209--212
\OT1/ptm/m/n/10 schal-tun-gen spe-icehrele-mente zum ein-satz beispiel-sweise
 []


Underfull \hbox (badness 2035) in paragraph at lines 209--212
\OT1/ptm/m/n/10 reg-is-tern ganz []ahnlich zu den vorg[]angen bei nor-malen
 []


Underfull \hbox (badness 1448) in paragraph at lines 209--212
\OT1/ptm/m/n/10 geteilt wer-den k[]onnen gle-ich zu de-nen der Op-er-a-toren,
 []


Underfull \hbox (badness 1888) in paragraph at lines 209--212
\OT1/ptm/m/n/10 das be-deutet Reg-is-ter k[]onnen getielt wer-den, wenn sie
 []


Underfull \hbox (badness 10000) in paragraph at lines 209--212

 []

[4 <./fig_comp_alu.png> <./fig_cliquen.png>]
Underfull \hbox (badness 1910) in paragraph at lines 213--215
\OT1/ptm/m/n/10 kann sowohl f[]ur mul-ti-plexer, die ganz []ahnlich zu den
 []


Underfull \hbox (badness 3884) in paragraph at lines 213--215
\OT1/ptm/m/n/10 auch Bussys-teme be-w-ertet werde nn hi-erzu wird das
 []


Underfull \hbox (badness 2478) in paragraph at lines 213--215
\OT1/ptm/m/n/10 au-gen-merk auf zwei zu ber[]ucksichtigende kom-po-nen-ten
 []


Underfull \hbox (badness 1603) in paragraph at lines 213--215
\OT1/ptm/m/n/10 aufgef[]urt, also die funk-tion-sein-heiten, die zur steuerung
 []


Underfull \hbox (badness 10000) in paragraph at lines 213--215

 []


Underfull \hbox (badness 10000) in paragraph at lines 216--219
 \OT1/ptm/m/it/10 3) Verk-a-belung: [][] \OT1/ptm/m/n/10 Als ein weit-erer,nich
t zu
 []


Underfull \hbox (badness 10000) in paragraph at lines 216--219
\OT1/ptm/m/n/10 ver-nachl[]assigbarer bere-ich, gilt vor allem f[]ur das
 []


Underfull \hbox (badness 1478) in paragraph at lines 216--219
\OT1/ptm/m/n/10 so m[]ussen beispiel-sweise leitun-gen die be-trieb-ss-pan-nung

 []


Underfull \hbox (badness 3229) in paragraph at lines 216--219
\OT1/ptm/m/n/10 f[]ur die er-mit-tlung des platzbe-darfs, ken-nt-nis []uber die

 []


Underfull \hbox (badness 1502) in paragraph at lines 216--219
\OT1/ptm/m/n/10 verk-a-belung hat [3, S.157] Zur berech-nung ergibt sich,
 []


Underfull \hbox (badness 10000) in paragraph at lines 216--219

 []


Underfull \hbox (badness 2626) in paragraph at lines 220--225
 \OT1/ptm/m/it/10 4) kon-troll ein-heiten: [][] \OT1/ptm/m/n/10 Da Sig-nale zur
 steuerung von
 []


Underfull \hbox (badness 3138) in paragraph at lines 234--240
\OT1/ptm/m/n/10 steigen-der kom-plexit[]at der Ver-schal-tung das bes-tim-men
 []


Underfull \hbox (badness 6094) in paragraph at lines 234--240
\OT1/ptm/m/n/10 angenom-men wer-den das, das ein ergeb-nis in einer
 []


Underfull \hbox (badness 3601) in paragraph at lines 234--240
\OT1/ptm/m/n/10 Eine m[]ogliche vorge-hensweise ist, die kosten f[]ur z.b
 []


Underfull \hbox (badness 10000) in paragraph at lines 234--240

 []

[5]
Underfull \hbox (badness 3872) in paragraph at lines 244--248
[]\OT1/ptm/m/n/10 Desweiteren kann ein Al-go-rith-mus nach Tseng und
 []


Underfull \hbox (badness 1354) in paragraph at lines 249--251
\OT1/ptm/m/n/10 steuerelek-tronik, die verk-a-belung und die Daten hal-tung
 []


Underfull \hbox (badness 10000) in paragraph at lines 249--251

 []


Underfull \hbox (badness 7256) in paragraph at lines 258--259
[]\OT1/ptm/m/n/8 Giovanni De Micheli, Syn-the-sis and Op-ti-miza-tion of Dig-i-
tal
 []

(conference_101719.lof
Underfull \hbox (badness 10000) in paragraph at lines 4--4
 [][] []\OT1/ptm/m/n/10 Ablaufplan und vertr[]aglichkeitsgraphen mit 
 []

)
\tf@lof=\write3
\openout3 = `conference_101719.lof'.

 (conference_101719.lot)
\tf@lot=\write4
\openout4 = `conference_101719.lot'.



** Conference Paper **
Before submitting the final camera ready copy, remember to:

 1. Manually equalize the lengths of two columns on the last page
 of your paper;

 2. Ensure that any PostScript and/or PDF output post-processing
 uses only Type 1 fonts and that every step in the generation
 process uses the appropriate paper size.

[6] (conference_101719.aux)

LaTeX Warning: There were undefined references.

 ) 
Here is how much of TeX's memory you used:
 3929 strings out of 479321
 58327 string characters out of 2856583
 368505 words of memory out of 3000000
 21365 multiletter control sequences out of 15000+600000
 434507 words of font info for 83 fonts, out of 8000000 for 9000
 1141 hyphenation exceptions out of 8191
 68i,8n,74p,1227b,256s stack positions out of 5000i,500n,10000p,200000b,80000s
{C:/Users/bened/AppData/Local/Programs/MiKTeX/fonts/enc/dvips/base/8r.enc}<C:
/Users/bened/AppData/Local/Programs/MiKTeX/fonts/type1/public/amsfonts/cm/cmex1
0.pfb><C:/Users/bened/AppData/Local/Programs/MiKTeX/fonts/type1/public/amsfonts
/cm/cmmi10.pfb><C:/Users/bened/AppData/Local/Programs/MiKTeX/fonts/type1/public
/amsfonts/cm/cmmi5.pfb><C:/Users/bened/AppData/Local/Programs/MiKTeX/fonts/type
1/public/amsfonts/cm/cmmi7.pfb><C:/Users/bened/AppData/Local/Programs/MiKTeX/fo
nts/type1/public/amsfonts/cm/cmr10.pfb><C:/Users/bened/AppData/Local/Programs/M
iKTeX/fonts/type1/public/amsfonts/cm/cmr7.pfb><C:/Users/bened/AppData/Local/Pro
grams/MiKTeX/fonts/type1/public/amsfonts/cm/cmsy10.pfb><C:/Users/bened/AppData/
Local/Programs/MiKTeX/fonts/type1/urw/times/utmb8a.pfb><C:/Users/bened/AppData/
Local/Programs/MiKTeX/fonts/type1/urw/times/utmr8a.pfb><C:/Users/bened/AppData/
Local/Programs/MiKTeX/fonts/type1/urw/times/utmri8a.pfb>
Output written on conference_101719.pdf (7 pages, 1830262 bytes).
PDF statistics:
 76 PDF objects out of 1000 (max. 8388607)
 0 named destinations out of 1000 (max. 500000)
 21 words of extra memory for PDF output out of 10000 (max. 10000000)

